

<!DOCTYPE html>
<html>
<head>
	<meta charset='utf-8' /> 
	<meta name='description' content='' />
	<meta name='robots' content='noodp, noydir' />
	<meta name='viewport' content='width=device-width, initial-scale=1' />
	<meta id="timeStampFormat" name="timeStampFormat" content='MMM d, yyyy hh:mm:ss a'/>
	
	<link href='https://fonts.googleapis.com/css?family=Source+Sans+Pro:400,600' rel='stylesheet' type='text/css' />
	<link href="https://fonts.googleapis.com/icon?family=Material+Icons" rel="stylesheet" />
	<link href='https://cdn.rawgit.com/extent-framework/extent-github-cdn/8644a9c/v3html/css/extent.css' type='text/css' rel='stylesheet' />
	
	<title>ExtentReports</title>

	<style type='text/css'>
		/* json-tree */
		.jstBracket,.jstComma,.jstValue{white-space:pre-wrap}.jstValue{font-size:10px;font-weight:400;font-family:"Lucida Console",Monaco,monospace}.jstProperty{color:#666;word-wrap:break-word}.jstBool{color:#2525CC}.jstNum{color:#D036D0}.jstNull{color:gray}.jstStr{color:#2DB669}.jstFold:after{content:' -';cursor:pointer}.jstExpand{white-space:normal}.jstExpand:after{content:' +';cursor:pointer}.jstFolded{white-space:normal!important}.jstHiddenBlock{display:none}
	</style>
	
	<script type="text/javascript">
		/*! json-tree - v0.2.2 - 2017-09-25, MIT LICENSE */
		var JSONTree=function(){var n={"&":"&amp;","<":"&lt;",">":"&gt;",'"':"&quot;","'":"&#x27;","/":"&#x2F;"},t=0,r=0;this.create=function(n,t){return r+=1,N(u(n,0,!1),{class:"jstValue"})};var e=function(t){return t.replace(/[&<>'"]/g,function(t){return n[t]})},s=function(){return r+"_"+t++},u=function(n,t,r){if(null===n)return f(r?t:0);switch(typeof n){case"boolean":return l(n,r?t:0);case"number":return i(n,r?t:0);case"string":return o(n,r?t:0);default:return n instanceof Array?a(n,t,r):c(n,t,r)}},c=function(n,t,r){var e=s(),u=Object.keys(n).map(function(r){return j(r,n[r],t+1,!0)}).join(m()),c=[g("{",r?t:0,e),N(u,{id:e}),p("}",t)].join("\n");return N(c,{})},a=function(n,t,r){var e=s(),c=n.map(function(n){return u(n,t+1,!0)}).join(m());return[g("[",r?t:0,e),N(c,{id:e}),p("]",t)].join("\n")},o=function(n,t){var r=e(JSON.stringify(n));return N(v(r,t),{class:"jstStr"})},i=function(n,t){return N(v(n,t),{class:"jstNum"})},l=function(n,t){return N(v(n,t),{class:"jstBool"})},f=function(n){return N(v("null",n),{class:"jstNull"})},j=function(n,t,r){var s=v(e(JSON.stringify(n))+": ",r),c=N(u(t,r,!1),{});return N(s+c,{class:"jstProperty"})},m=function(){return N(",\n",{class:"jstComma"})},N=function(n,t){return d("span",t,n)},d=function(n,t,r){return"<"+n+Object.keys(t).map(function(n){return" "+n+'="'+t[n]+'"'}).join("")+">"+r+"</"+n+">"},g=function(n,t,r){return N(v(n,t),{class:"jstBracket"})+N("",{class:"jstFold",onclick:"JSONTree.toggle('"+r+"')"})};this.toggle=function(n){var t=document.getElementById(n),r=t.parentNode,e=t.previousElementSibling;""===t.className?(t.className="jstHiddenBlock",r.className="jstFolded",e.className="jstExpand"):(t.className="",r.className="",e.className="jstFold")};var p=function(n,t){return N(v(n,t),{})},v=function(n,t){return Array(2*t+1).join(" ")+n};return this}();
	</script>
</head>
	<body class='extent standard default hide-overflow bdd-report'>
		<div id='theme-selector' alt='Click to toggle theme. To enable by default, use theme configuration.' title='Click to toggle theme. To enable by default, use theme configuration.'>
			<span><i class='material-icons'>desktop_windows</i></span>
		</div>
<nav>
	<div class="nav-wrapper">
		<a href="#!" class="brand-logo black"><img src="https://cdn.rawgit.com/extent-framework/extent-github-cdn/d74480e/commons/img/logo.png"></a>
		<!-- slideout menu -->
		<ul id='slide-out' class='side-nav fixed hide-on-med-and-down'>
			<li class='waves-effect active'><a href='#!' view='test-view' onclick="configureView(0);chartsView('test');"><i class='material-icons'>dashboard</i></a></li>
						<li class='waves-effect'><a href='#!' view='category-view' onclick="configureView(1)"><i class='material-icons'>label_outline</i></a></li>
			<li class='waves-effect'><a href='#!' view='exception-view' onclick="configureView(2)"><i class='material-icons'>bug_report</i></a></li>
			<li class='waves-effect'><a href='#!' onclick="configureView(-1);chartsView('dashboard');" view='dashboard-view'><i class='material-icons'>track_changes</i></a></li>
		</ul>
		<!-- report name -->
		<span class='report-name'>ExtentReports</span>
		<!-- report headline -->
		<span class='report-headline'></span>
		<!-- nav-right -->
		<ul id='nav-mobile' class='right hide-on-med-and-down nav-right'>
			<a href='#!'>
			<span class='label blue darken-3 suite-start-time'>Nov 25, 2019 03:17:52 PM</span>
			</a>
		</ul>
	</div>
</nav>		<!-- container -->
		<div class='container'>
<div id='test-view' class='view'>
	<section id='controls'>
		<div class='controls grey lighten-4'>
			<!-- test toggle -->
			<div class='chip transparent'>
				<a class='dropdown-button tests-toggle' data-activates='tests-toggle' data-constrainwidth='true' data-beloworigin='true' data-hover='true' href='#'>
				<i class='material-icons'>warning</i> Status
				</a>
				<ul id='tests-toggle' class='dropdown-content'>
										<li status='pass'><a href='#!'>Pass <i class='material-icons green-text'>check_circle</i></a></li>
					<li status='fail'><a href='#!'>Fail <i class='material-icons red-text'>cancel</i></a></li>
					<li status='skip'><a href='#!'>Skip <i class='material-icons cyan-text'>redo</i></a></li>
					<li class='divider'></li>
					<li status='clear' clear='true'><a href='#!'>Clear Filters <i class='material-icons'>clear</i></a></li>
				</ul>
			</div>
			<!-- test toggle -->
			<!-- category toggle -->
			<div class='chip transparent'>
				<a class='dropdown-button category-toggle' data-activates='category-toggle' data-constrainwidth='false' data-beloworigin='true' data-hover='true' href='#'>
				<i class='material-icons'>local_offer</i> Category
				</a>
				<ul id='category-toggle' class='dropdown-content'>
					<li><a href='#'>@PLAZA_PDB_E2E_Incident</a></li>
					<li><a href='#'>@PLAZA_Incident_Flow</a></li>
					<li class='divider'></li>
					<li class='clear'><a href='#!' clear='true'>Clear Filters</a></li>
				</ul>
			</div>
			<!-- category toggle -->
			<!-- clear filters -->
			<div class='chip transparent hide'>
				<a class='' id='clear-filters' alt='Clear Filters' title='Clear Filters'>
				<i class='material-icons'>close</i> Clear
				</a>
			</div>
			<!-- clear filters -->
			<!-- enable dashboard -->
			<div id='toggle-test-view-charts' class='chip transparent'>
				<a class='pink-text' id='enable-dashboard' alt='Enable Dashboard' title='Enable Dashboard'>
				<i class='material-icons'>track_changes</i> Dashboard
				</a>
			</div>
			<!-- enable dashboard -->
			<!-- search -->
			<div class='chip transparent' alt='Search Tests' title='Search Tests'>
				<a href="#" class='search-div'>
				<i class='material-icons'>search</i> Search
				</a>
				<div class='input-field left hide'>
					<input id='search-tests' type='text' class='validate browser-default' placeholder='Search Tests...'>
				</div>
			</div>
			<!-- search -->
		</div>
	</section>
<div id='test-view-charts' class='subview-full'>
    <div id='charts-row' class='row nm-v nm-h'>
        <div class='col s12 m4 l4 np-h'>
            <div class='card-panel nm-v'>
                <div class='left panel-name'>Features</div>
                <div class='chart-box' style="max-height:94px;">
                    <canvas id='parent-analysis' width='90' height='70'></canvas>
                </div>
                <div class='block text-small'>
                    <span class='tooltipped' data-position='top' data-tooltip='0%'><span class='strong'>0</span> feature(s) passed</span>
                </div>
                <div class='block text-small'>
                    <span class='strong tooltipped' data-position='top' data-tooltip='100%'>1</span> feature(s) failed, <span class='strong tooltipped' data-position='top' data-tooltip='0%'>0</span> others
                </div>
            </div>
        </div>
        <div class='col s12 m4 l4 np-h'>
            <div class='card-panel nm-v'>
                <div class='left panel-name'>Scenarios</div>
                <div class='chart-box' style="max-height:94px;">
                    <canvas id='child-analysis' width='90' height='70'></canvas>
                </div>
                <div class='block text-small'>
                    <span class='tooltipped' data-position='top' data-tooltip='0%'><span class='strong'>0</span> scenario(s) passed</span>
                </div>
                <div class='block text-small'>
                    <span class='strong tooltipped' data-position='top' data-tooltip='100%'>1</span> scenario(s) failed, <span class='strong tooltipped' data-position='top' data-tooltip='0%'>0</span> others
                </div>
            </div>
        </div>
        <div class='col s12 m4 l4 np-h'>
            <div class='card-panel nm-v'>
                <div class='left panel-name'>Steps</div>
                <div class='chart-box' style="max-height:94px;">
                    <canvas id='grandchild-analysis' width='90' height='70'></canvas>
                </div>
                <div class='block text-small'>
                    <span class='tooltipped' data-position='top' data-tooltip='3.704%'><span class='strong'>4</span> step(s) passed</span>
                </div>
                <div class='block text-small'>
                    <span class='strong tooltipped' data-position='top' data-tooltip='1.852%'>2</span> step(s) failed, <span class='strong tooltipped' data-position='top' data-tooltip='94.444%'>102</span> others
                </div>
            </div>
        </div>
    </div>
    <div id="timeline-chart" class="row nm-v nm-h">
        <div class="col s12 m12 l12 np-h">
            <div class="card-panel">
                <div class='left panel-name'>Timeline (seconds)</div>
                <div class="chart-box" style="width:98%;max-height:145px;">
                    <canvas id="timeline" height="120"></canvas>
                </div>
            </div>
        </div>
    </div>
</div>	<div class='subview-left left'>
		<div class='view-summary'>
			<ul id='test-collection' class='test-collection'>
				<li class='test displayed active has-leaf fail' status='fail' bdd='true' test-id='1'>
					<div class='test-heading'>
						<span class='test-name'>Plaza creation of incident ticket</span>
						<span class='test-time'>Nov 25, 2019 03:17:52 PM</span>
						<span class='test-status right fail'>fail</span>
					</div>
					<div class='test-content hide'>
<div class="sr-filters bdd-filters">
    <a class="btn-floating waves-effect waves-light pass green" title="pass"><i class='material-icons'>check_circle</i></a>
    <a class="btn-floating waves-effect waves-light fail red" title="fail"><i class='material-icons'>cancel</i></a>
    <a class="btn-floating waves-effect waves-light skip blue" title="skip"><i class='material-icons'>redo</i></a>
    <a class="btn-floating waves-effect waves-light clear grey" title="clear"><i class='material-icons'>clear</i></a>
</div>
<div class='scenariooutline node' test-id='2' status='fail'>
    <span class='duration right label'>0h 0m 53s+961ms</span>
    <div class="bdd-test">
        <div class="scenario-name"><span class='status fail' title='fail'><i class='material-icons'>cancel</i></span> ScenarioOutline: user validates plaza incident ticket</div>
        <table class='runtime-table table-striped table'><tr><td>PDB Affected Country</td><td>Number of Persons</td><td>Title</td><td>Priority</td><td>AssignedProfile</td></tr><tr><td>Norway</td><td>No</td><td>Personal Data Breach | Norway</td><td>Minor</td><td>PDB NO</td></tr></table>
    </div>
    <ul class='steps'>
        <li test-id='3' class='node scenario fail' status='fail'>
            <div class="step-name"><span class='status fail' title='fail'><i class='material-icons'>cancel</i></span>user validates plaza incident ticket</div>
            <ul class='gc steps'>
                    <li test-id='4' class='gc given pass' status='pass'>
                        <h6 class="step-name"><span class='status pass' title='pass'><i class='material-icons'>check_circle</i></span>Given user is on the Plaza login page</h6>
                        Plaza_LoginPageSteps.userIsOnThePlazaLoginPage()
                            <div class="node-step"></div>
                    </li>
                    <li test-id='5' class='gc when pass' status='pass'>
                        <h6 class="step-name"><span class='status pass' title='pass'><i class='material-icons'>check_circle</i></span>When user enters username "testauto" and password as "test123" and clicks on login</h6>
                        Plaza_LoginPageSteps.userEntersUsernameAndPasswordAsAndClicksOnLogin(String,String)
                            <div class="node-step"></div>
                    </li>
                    <li test-id='6' class='gc then pass' status='pass'>
                        <h6 class="step-name"><span class='status pass' title='pass'><i class='material-icons'>check_circle</i></span>Then user should see the plaza home page</h6>
                        Plaza_HomePageSteps.userShouldSeeThePlazaHomePage()
                            <div class="node-step"></div>
                    </li>
                    <li test-id='7' class='gc and pass' status='pass'>
                        <h6 class="step-name"><span class='status pass' title='pass'><i class='material-icons'>check_circle</i></span>And user clicks on plaza portal</h6>
                        Plaza_HomePageSteps.userClicksOnPlazaPortal()
                            <div class="node-step"></div>
                    </li>
                    <li test-id='8' class='gc when fail' status='fail'>
                        <h6 class="step-name"><span class='status fail' title='fail'><i class='material-icons'>cancel</i></span>When user clicks on "Security, Ethics & Compliance"</h6>
                        Plaza_HomePageSteps.userClicksOnButton(String)
                            <textarea disabled class="code-block">org.openqa.selenium.TimeoutException: Expected condition failed: waiting for visibility of element located by By.xpath: //*[contains(text(),'Security, Ethics & Compliance')] (tried for 30 second(s) with 500 milliseconds interval)
	at org.openqa.selenium.support.ui.WebDriverWait.timeoutException(WebDriverWait.java:95)
	at org.openqa.selenium.support.ui.FluentWait.until(FluentWait.java:272)
	at pageObjects.BasePage.findElement(BasePage.java:56)
	at pageObjects.BasePage.clickElementByContainsTextAndTagName(BasePage.java:78)
	at steps.plaza_steps.Plaza_HomePageSteps.userClicksOnButton(Plaza_HomePageSteps.java:23)
	at âœ½.user clicks on "Security, Ethics & Compliance"(features/SPRINTS/Sprint 4.4 BR's/PDB_E2E/PLAZA_PDB_E2E_Incident.feature:10)
Caused by: org.openqa.selenium.NoSuchElementException: no such element: Unable to locate element: {"method":"xpath","selector":"//*[contains(text(),'Security, Ethics & Compliance')]"}
  (Session info: chrome=78.0.3904.108)
For documentation on this error, please visit: https://www.seleniumhq.org/exceptions/no_such_element.html
Build info: version: '3.141.59', revision: 'e82be7d358', time: '2018-11-14T08:17:03'
System info: host: 'DESKTOP-P3NRUGT', ip: '10.85.239.239', os.name: 'Windows 10', os.arch: 'amd64', os.version: '10.0', java.version: '1.8.0_211'
Driver info: org.openqa.selenium.chrome.ChromeDriver
Capabilities {acceptInsecureCerts: false, browserName: chrome, browserVersion: 78.0.3904.108, chrome: {chromedriverVersion: 78.0.3904.105 (60e2d8774a81..., userDataDir: C:\Users\MAHESH~1\AppData\L...}, goog:chromeOptions: {debuggerAddress: localhost:64280}, javascriptEnabled: true, networkConnectionEnabled: false, pageLoadStrategy: normal, platform: XP, platformName: XP, proxy: Proxy(), setWindowRect: true, strictFileInteractability: false, timeouts: {implicit: 0, pageLoad: 300000, script: 30000}, unhandledPromptBehavior: dismiss and notify}
Session ID: 294597afa606cebfcb2d5d66ed128b8f
*** Element info: {Using=xpath, value=//*[contains(text(),'Security, Ethics & Compliance')]}
	at sun.reflect.NativeConstructorAccessorImpl.newInstance0(Native Method)
	at sun.reflect.NativeConstructorAccessorImpl.newInstance(NativeConstructorAccessorImpl.java:62)
	at sun.reflect.DelegatingConstructorAccessorImpl.newInstance(DelegatingConstructorAccessorImpl.java:45)
	at java.lang.reflect.Constructor.newInstance(Constructor.java:423)
	at org.openqa.selenium.remote.http.W3CHttpResponseCodec.createException(W3CHttpResponseCodec.java:187)
	at org.openqa.selenium.remote.http.W3CHttpResponseCodec.decode(W3CHttpResponseCodec.java:122)
	at org.openqa.selenium.remote.http.W3CHttpResponseCodec.decode(W3CHttpResponseCodec.java:49)
	at org.openqa.selenium.remote.HttpCommandExecutor.execute(HttpCommandExecutor.java:158)
	at org.openqa.selenium.remote.service.DriverCommandExecutor.execute(DriverCommandExecutor.java:83)
	at org.openqa.selenium.remote.RemoteWebDriver.execute(RemoteWebDriver.java:552)
	at org.openqa.selenium.remote.RemoteWebDriver.findElement(RemoteWebDriver.java:323)
	at org.openqa.selenium.remote.RemoteWebDriver.findElementByXPath(RemoteWebDriver.java:428)
	at org.openqa.selenium.By$ByXPath.findElement(By.java:353)
	at org.openqa.selenium.remote.RemoteWebDriver.findElement(RemoteWebDriver.java:315)
	at org.openqa.selenium.support.ui.ExpectedConditions$7.apply(ExpectedConditions.java:205)
	at org.openqa.selenium.support.ui.ExpectedConditions$7.apply(ExpectedConditions.java:201)
	at org.openqa.selenium.support.ui.FluentWait.until(FluentWait.java:249)
	at pageObjects.BasePage.findElement(BasePage.java:56)
	at pageObjects.BasePage.clickElementByContainsTextAndTagName(BasePage.java:78)
	at steps.plaza_steps.Plaza_HomePageSteps.userClicksOnButton(Plaza_HomePageSteps.java:23)
	at sun.reflect.NativeMethodAccessorImpl.invoke0(Native Method)
	at sun.reflect.NativeMethodAccessorImpl.invoke(NativeMethodAccessorImpl.java:62)
	at sun.reflect.DelegatingMethodAccessorImpl.invoke(DelegatingMethodAccessorImpl.java:43)
	at java.lang.reflect.Method.invoke(Method.java:498)
	at cucumber.runtime.Utils$1.call(Utils.java:26)
	at cucumber.runtime.Timeout.timeout(Timeout.java:16)
	at cucumber.runtime.Utils.invoke(Utils.java:20)
	at cucumber.runtime.java.JavaStepDefinition.execute(JavaStepDefinition.java:49)
	at cucumber.runner.PickleStepDefinitionMatch.runStep(PickleStepDefinitionMatch.java:50)
	at cucumber.runner.TestStep.executeStep(TestStep.java:63)
	at cucumber.runner.TestStep.run(TestStep.java:49)
	at cucumber.runner.PickleStepTestStep.run(PickleStepTestStep.java:43)
	at cucumber.runner.TestCase.run(TestCase.java:44)
	at cucumber.runner.Runner.runPickle(Runner.java:40)
	at cucumber.api.testng.TestNGCucumberRunner.runScenario(TestNGCucumberRunner.java:68)
	at cucumber.api.testng.AbstractTestNGCucumberTests.runScenario(AbstractTestNGCucumberTests.java:22)
	at sun.reflect.NativeMethodAccessorImpl.invoke0(Native Method)
	at sun.reflect.NativeMethodAccessorImpl.invoke(NativeMethodAccessorImpl.java:62)
	at sun.reflect.DelegatingMethodAccessorImpl.invoke(DelegatingMethodAccessorImpl.java:43)
	at java.lang.reflect.Method.invoke(Method.java:498)
	at org.testng.internal.MethodInvocationHelper.invokeMethod(MethodInvocationHelper.java:124)
	at org.testng.internal.Invoker.invokeMethod(Invoker.java:583)
	at org.testng.internal.Invoker.invokeTestMethod(Invoker.java:719)
	at org.testng.internal.Invoker.invokeTestMethods(Invoker.java:989)
	at org.testng.internal.TestMethodWorker.invokeTestMethods(TestMethodWorker.java:125)
	at org.testng.internal.TestMethodWorker.run(TestMethodWorker.java:109)
	at org.testng.TestRunner.privateRun(TestRunner.java:648)
	at org.testng.TestRunner.run(TestRunner.java:505)
	at org.testng.SuiteRunner.runTest(SuiteRunner.java:455)
	at org.testng.SuiteRunner.runSequentially(SuiteRunner.java:450)
	at org.testng.SuiteRunner.privateRun(SuiteRunner.java:415)
	at org.testng.SuiteRunner.run(SuiteRunner.java:364)
	at org.testng.SuiteRunnerWorker.runSuite(SuiteRunnerWorker.java:52)
	at org.testng.SuiteRunnerWorker.run(SuiteRunnerWorker.java:84)
	at org.testng.TestNG.runSuitesSequentially(TestNG.java:1208)
	at org.testng.TestNG.runSuitesLocally(TestNG.java:1137)
	at org.testng.TestNG.runSuites(TestNG.java:1049)
	at org.testng.TestNG.run(TestNG.java:1017)
	at org.testng.IDEARemoteTestNG.run(IDEARemoteTestNG.java:73)
	at org.testng.RemoteTestNGStarter.main(RemoteTestNGStarter.java:123)
</textarea>
                                                </li>
                    <li test-id='9' class='gc and skip' status='skip'>
                        <h6 class="step-name"><span class='status skip' title='skip'><i class='material-icons'>redo</i></span>And user clicks on "Report a Personal Data Breach"</h6>
                        Plaza_HomePageSteps.userClicksOnButton(String)
                            <div class="node-step">Step skipped</div>
                    </li>
                    <li test-id='10' class='gc then skip' status='skip'>
                        <h6 class="step-name"><span class='status skip' title='skip'><i class='material-icons'>redo</i></span>Then user validates PDB submit form opens</h6>
                        Plaza_HomePageSteps.userValidatesPDBSubmitFormOpens()
                            <div class="node-step">Step skipped</div>
                    </li>
                    <li test-id='11' class='gc and skip' status='skip'>
                        <h6 class="step-name"><span class='status skip' title='skip'><i class='material-icons'>redo</i></span>And user validates Service area as "Security, Ethics and Compliance"</h6>
                        Plaza_HomePageSteps.userValidatesServiceAreaAs(String)
                            <div class="node-step">Step skipped</div>
                    </li>
                    <li test-id='12' class='gc and skip' status='skip'>
                        <h6 class="step-name"><span class='status skip' title='skip'><i class='material-icons'>redo</i></span>And user validates Service as "Personal Data Breach"</h6>
                        Plaza_HomePageSteps.userValidatesServiceAs(String)
                            <div class="node-step">Step skipped</div>
                    </li>
                    <li test-id='13' class='gc then skip' status='skip'>
                        <h6 class="step-name"><span class='status skip' title='skip'><i class='material-icons'>redo</i></span>Then user enters PDB date and time as current date and time</h6>
                        Plaza_HomePageSteps.userEntersPDBDateAndTimeAsCurrentDateAndTime()
                            <div class="node-step">Step skipped</div>
                    </li>
                    <li test-id='14' class='gc and skip' status='skip'>
                        <h6 class="step-name"><span class='status skip' title='skip'><i class='material-icons'>redo</i></span>And user selects PDB effected country "Norway"</h6>
                        Plaza_HomePageSteps.userSelectsPDBEffectedCountry(String)
                            <div class="node-step">Step skipped</div>
                    </li>
                    <li test-id='15' class='gc and skip' status='skip'>
                        <h6 class="step-name"><span class='status skip' title='skip'><i class='material-icons'>redo</i></span>And user selects nature and content as "Address"</h6>
                        Plaza_HomePageSteps.userSelectsNatureAndContentAs(String)
                            <div class="node-step">Step skipped</div>
                    </li>
                    <li test-id='16' class='gc and skip' status='skip'>
                        <h6 class="step-name"><span class='status skip' title='skip'><i class='material-icons'>redo</i></span>And user selects affected persons as "No"</h6>
                        Plaza_HomePageSteps.userSelectsAffectedPersonsAs(String)
                            <div class="node-step">Step skipped</div>
                    </li>
                    <li test-id='17' class='gc and skip' status='skip'>
                        <h6 class="step-name"><span class='status skip' title='skip'><i class='material-icons'>redo</i></span>And user enters "Test Data" under Affected persons name and unique id</h6>
                        Plaza_HomePageSteps.userEntersUnderAffectedPersonsNameAndUniqueId(String)
                            <div class="node-step">Step skipped</div>
                    </li>
                    <li test-id='18' class='gc and skip' status='skip'>
                        <h6 class="step-name"><span class='status skip' title='skip'><i class='material-icons'>redo</i></span>And user clicks on submit button on plaza form</h6>
                        Plaza_HomePageSteps.userClicksOnSubmitButtonOnPlazaForm()
                            <div class="node-step">Step skipped</div>
                    </li>
                    <li test-id='19' class='gc and skip' status='skip'>
                        <h6 class="step-name"><span class='status skip' title='skip'><i class='material-icons'>redo</i></span>And user gets plaza request id</h6>
                        Plaza_HomePageSteps.userGetsPlazaRequestId()
                            <div class="node-step">Step skipped</div>
                    </li>
                    <li test-id='20' class='gc and skip' status='skip'>
                        <h6 class="step-name"><span class='status skip' title='skip'><i class='material-icons'>redo</i></span>And user clicks on plaza request id</h6>
                        Plaza_HomePageSteps.userClicksOnPlazaRequestId()
                            <div class="node-step">Step skipped</div>
                    </li>
                    <li test-id='21' class='gc and skip' status='skip'>
                        <h6 class="step-name"><span class='status skip' title='skip'><i class='material-icons'>redo</i></span>And user validates internal case management form opens</h6>
                        Plaza_HomePageSteps.userValidatesInternalCaseManagementFormOpens()
                            <div class="node-step">Step skipped</div>
                    </li>
                    <li test-id='22' class='gc and skip' status='skip'>
                        <h6 class="step-name"><span class='status skip' title='skip'><i class='material-icons'>redo</i></span>And user waits 40 secs</h6>
                        OWF_WorkOrderPageSteps.userWaitsSecs(int)
                            <div class="node-step">Step skipped</div>
                    </li>
                    <li test-id='23' class='gc and skip' status='skip'>
                        <h6 class="step-name"><span class='status skip' title='skip'><i class='material-icons'>redo</i></span>And user clicks on main page refresh</h6>
                        OWF_TroubleEventPageSteps.userClicksOnMainPageRefresh()
                            <div class="node-step">Step skipped</div>
                    </li>
                    <li test-id='24' class='gc then skip' status='skip'>
                        <h6 class="step-name"><span class='status skip' title='skip'><i class='material-icons'>redo</i></span>Then user should see incident ticket update in plaza</h6>
                        Plaza_HomePageSteps.userShouldSeeIncidentIdUpdateInPlazaTicket()
                            <div class="node-step">Step skipped</div>
                    </li>
                    <li test-id='25' class='gc when skip' status='skip'>
                        <h6 class="step-name"><span class='status skip' title='skip'><i class='material-icons'>redo</i></span>When user enters "Test Update" in the ticket timeline</h6>
                        Plaza_HomePageSteps.userEntersInTheTicketTimeline(String)
                            <div class="node-step">Step skipped</div>
                    </li>
                    <li test-id='26' class='gc and skip' status='skip'>
                        <h6 class="step-name"><span class='status skip' title='skip'><i class='material-icons'>redo</i></span>And user clicks on plaza send button</h6>
                        Plaza_HomePageSteps.userClicksOnPlazaSendButton()
                            <div class="node-step">Step skipped</div>
                    </li>
                    <li test-id='27' class='gc then skip' status='skip'>
                        <h6 class="step-name"><span class='status skip' title='skip'><i class='material-icons'>redo</i></span>Then user opens new tab</h6>
                        Plaza_HomePageSteps.userOpensNewTab()
                            <div class="node-step">Step skipped</div>
                    </li>
                    <li test-id='28' class='gc given skip' status='skip'>
                        <h6 class="step-name"><span class='status skip' title='skip'><i class='material-icons'>redo</i></span>Given user is on the OneWorkflow login page</h6>
                        OWF_LoginPageSteps.userIsOnTheOneWorkflowLoginPage()
                            <div class="node-step">Step skipped</div>
                    </li>
                    <li test-id='29' class='gc when skip' status='skip'>
                        <h6 class="step-name"><span class='status skip' title='skip'><i class='material-icons'>redo</i></span>When user logs in with valid username "PlazaTest" and password as "Test@1234"</h6>
                        OWF_LoginPageSteps.userLogsInWithValidUsernameAndPasswordAs(String,String)
                            <div class="node-step">Step skipped</div>
                    </li>
                    <li test-id='30' class='gc then skip' status='skip'>
                        <h6 class="step-name"><span class='status skip' title='skip'><i class='material-icons'>redo</i></span>Then user successfully logged in to OneWorkflow and agent console should be displayed</h6>
                        OWF_AgentConsolePageSteps.userSuccessfullyLoggedInToOneworkflowAndAgentConsoleShouldBeDisplayed()
                            <div class="node-step">Step skipped</div>
                    </li>
                    <li test-id='31' class='gc when skip' status='skip'>
                        <h6 class="step-name"><span class='status skip' title='skip'><i class='material-icons'>redo</i></span>When user selects search menu as "Open Search Form:Trouble Event"</h6>
                        OWF_AgentConsolePageSteps.userSelectsSearchMenuAs(String)
                            <div class="node-step">Step skipped</div>
                    </li>
                    <li test-id='32' class='gc and skip' status='skip'>
                        <h6 class="step-name"><span class='status skip' title='skip'><i class='material-icons'>redo</i></span>And user switches to window 2</h6>
                        OWF_ProblemRecordPageSteps.userSwitchesToWindow(int)
                            <div class="node-step">Step skipped</div>
                    </li>
                    <li test-id='33' class='gc then skip' status='skip'>
                        <h6 class="step-name"><span class='status skip' title='skip'><i class='material-icons'>redo</i></span>Then user should see blank trouble search form</h6>
                        OWF_ProblemRecordPageSteps.userShouldSeeBlankTroubleSearchForm()
                            <div class="node-step">Step skipped</div>
                    </li>
                    <li test-id='34' class='gc when skip' status='skip'>
                        <h6 class="step-name"><span class='status skip' title='skip'><i class='material-icons'>redo</i></span>When user enters plaza incident ticket</h6>
                        OWF_TroubleEventPageSteps.userEntersPlazaIncidentTicket()
                            <div class="node-step">Step skipped</div>
                    </li>
                    <li test-id='35' class='gc and skip' status='skip'>
                        <h6 class="step-name"><span class='status skip' title='skip'><i class='material-icons'>redo</i></span>And user should see plaza incident ticket</h6>
                        OWF_TroubleEventPageSteps.userShouldSeePlazaIncidentTicket()
                            <div class="node-step">Step skipped</div>
                    </li>
                    <li test-id='36' class='gc and skip' status='skip'>
                        <h6 class="step-name"><span class='status skip' title='skip'><i class='material-icons'>redo</i></span>And user validates source field as "PLAZA"</h6>
                        OWF_WorkOrderPageSteps.userValidatesSourceFieldAs(String)
                            <div class="node-step">Step skipped</div>
                    </li>
                    <li test-id='37' class='gc and skip' status='skip'>
                        <h6 class="step-name"><span class='status skip' title='skip'><i class='material-icons'>redo</i></span>And user validates source ID field contains ICM number</h6>
                        OWF_TroubleEventPageSteps.userValidatesSourceIDFieldContainsICMNumber()
                            <div class="node-step">Step skipped</div>
                    </li>
                    <li test-id='38' class='gc and skip' status='skip'>
                        <h6 class="step-name"><span class='status skip' title='skip'><i class='material-icons'>redo</i></span>And user validates service provider as "Data Breach"</h6>
                        OWF_TroubleEventPageSteps.userValidatesServiceProviderAs(String)
                            <div class="node-step">Step skipped</div>
                    </li>
                    <li test-id='39' class='gc and skip' status='skip'>
                        <h6 class="step-name"><span class='status skip' title='skip'><i class='material-icons'>redo</i></span>And user validates PDB description same as Plaza</h6>
                        OWF_WorkOrderPageSteps.userValidatesPDBDescriptionSameAsPlaza()
                            <div class="node-step">Step skipped</div>
                    </li>
                    <li test-id='40' class='gc and skip' status='skip'>
                        <h6 class="step-name"><span class='status skip' title='skip'><i class='material-icons'>redo</i></span>And user validates ticket priority as "Minor"</h6>
                        OWF_TroubleEventPageSteps.userValidatesTicketPriorityAs(String)
                            <div class="node-step">Step skipped</div>
                    </li>
                    <li test-id='41' class='gc when skip' status='skip'>
                        <h6 class="step-name"><span class='status skip' title='skip'><i class='material-icons'>redo</i></span>When user enters "Test Update" in the timeline text box</h6>
                        OWF_TroubleEventPageSteps.userEntersInTheTimelineTextBox(String)
                            <div class="node-step">Step skipped</div>
                    </li>
                    <li test-id='42' class='gc and skip' status='skip'>
                        <h6 class="step-name"><span class='status skip' title='skip'><i class='material-icons'>redo</i></span>And user clicks on public radio button</h6>
                        OWF_TroubleEventPageSteps.userClicksOnPublicRadioButton()
                            <div class="node-step">Step skipped</div>
                    </li>
                    <li test-id='43' class='gc and skip' status='skip'>
                        <h6 class="step-name"><span class='status skip' title='skip'><i class='material-icons'>redo</i></span>And user clicks on add button</h6>
                        OWF_ProblemRecordPageSteps.userClicksOnAddButton()
                            <div class="node-step">Step skipped</div>
                    </li>
                    <li test-id='44' class='gc then skip' status='skip'>
                        <h6 class="step-name"><span class='status skip' title='skip'><i class='material-icons'>redo</i></span>Then change should also be reflected in the timeline as "Test Update"</h6>
                        OWF_ProblemRecordPageSteps.changeShouldAlsoBeReflectedInTheTimelineAs(String)
                            <div class="node-step">Step skipped</div>
                    </li>
                    <li test-id='45' class='gc and skip' status='skip'>
                        <h6 class="step-name"><span class='status skip' title='skip'><i class='material-icons'>redo</i></span>And user switches to window 0</h6>
                        OWF_ProblemRecordPageSteps.userSwitchesToWindow(int)
                            <div class="node-step">Step skipped</div>
                    </li>
                    <li test-id='46' class='gc and skip' status='skip'>
                        <h6 class="step-name"><span class='status skip' title='skip'><i class='material-icons'>redo</i></span>And user clicks on main page refresh</h6>
                        OWF_TroubleEventPageSteps.userClicksOnMainPageRefresh()
                            <div class="node-step">Step skipped</div>
                    </li>
                    <li test-id='47' class='gc and skip' status='skip'>
                        <h6 class="step-name"><span class='status skip' title='skip'><i class='material-icons'>redo</i></span>And user should see OW manual notification in plaza ticket as "Test Update"</h6>
                        Plaza_HomePageSteps.userShouldSeeOWManualNotificationInPlazaTicketAs(String)
                            <div class="node-step">Step skipped</div>
                    </li>
                    <li test-id='48' class='gc and skip' status='skip'>
                        <h6 class="step-name"><span class='status skip' title='skip'><i class='material-icons'>redo</i></span>And user switches to window 2</h6>
                        OWF_ProblemRecordPageSteps.userSwitchesToWindow(int)
                            <div class="node-step">Step skipped</div>
                    </li>
                    <li test-id='49' class='gc when skip' status='skip'>
                        <h6 class="step-name"><span class='status skip' title='skip'><i class='material-icons'>redo</i></span>When user clicks on attachments under sections</h6>
                        OWF_ProblemRecordPageSteps.userClicksOnAttachmentsUnderSections()
                            <div class="node-step">Step skipped</div>
                    </li>
                    <li test-id='50' class='gc and skip' status='skip'>
                        <h6 class="step-name"><span class='status skip' title='skip'><i class='material-icons'>redo</i></span>And user clicks on add button under internal</h6>
                        OWF_ProblemRecordPageSteps.userClicksOnAddButtonUnderInternal()
                            <div class="node-step">Step skipped</div>
                    </li>
                    <li test-id='51' class='gc and skip' status='skip'>
                        <h6 class="step-name"><span class='status skip' title='skip'><i class='material-icons'>redo</i></span>And user switches to frame 2</h6>
                        OWF_AgentConsolePageSteps.userSwitchesToFrame(int)
                            <div class="node-step">Step skipped</div>
                    </li>
                    <li test-id='52' class='gc and skip' status='skip'>
                        <h6 class="step-name"><span class='status skip' title='skip'><i class='material-icons'>redo</i></span>And user enters attachment summary as "Test Attachment"</h6>
                        OWF_ProblemRecordPageSteps.userEntersAttachmentSummaryAs(String)
                            <div class="node-step">Step skipped</div>
                    </li>
                    <li test-id='53' class='gc and skip' status='skip'>
                        <h6 class="step-name"><span class='status skip' title='skip'><i class='material-icons'>redo</i></span>And user enters attachment description as "A Document Attached"</h6>
                        OWF_ProblemRecordPageSteps.userEntersAttachmentDescriptionAs(String)
                            <div class="node-step">Step skipped</div>
                    </li>
                    <li test-id='54' class='gc and skip' status='skip'>
                        <h6 class="step-name"><span class='status skip' title='skip'><i class='material-icons'>redo</i></span>And user selects attachment visibility as external</h6>
                        OWF_TroubleEventPageSteps.userSelectsAttachmentVisibilityAsExternal()
                            <div class="node-step">Step skipped</div>
                    </li>
                    <li test-id='55' class='gc then skip' status='skip'>
                        <h6 class="step-name"><span class='status skip' title='skip'><i class='material-icons'>redo</i></span>Then user clicks on add button in attachment window</h6>
                        OWF_ProblemRecordPageSteps.userClicksOnAddButtonInAttachmentWindow()
                            <div class="node-step">Step skipped</div>
                    </li>
                    <li test-id='56' class='gc and skip' status='skip'>
                        <h6 class="step-name"><span class='status skip' title='skip'><i class='material-icons'>redo</i></span>And user switches to frame 2</h6>
                        OWF_AgentConsolePageSteps.userSwitchesToFrame(int)
                            <div class="node-step">Step skipped</div>
                    </li>
                    <li test-id='57' class='gc when skip' status='skip'>
                        <h6 class="step-name"><span class='status skip' title='skip'><i class='material-icons'>redo</i></span>When user clicks on choose file button</h6>
                        OWF_ProblemRecordPageSteps.userClicksOnChooseFileButton()
                            <div class="node-step">Step skipped</div>
                    </li>
                    <li test-id='58' class='gc then skip' status='skip'>
                        <h6 class="step-name"><span class='status skip' title='skip'><i class='material-icons'>redo</i></span>Then user searches for attachment and adds attachment to ticket</h6>
                        OWF_ProblemRecordPageSteps.userSearchesForAttachmentAndAddsAttachmentToTicket()
                            <div class="node-step">Step skipped</div>
                    </li>
                    <li test-id='59' class='gc then skip' status='skip'>
                        <h6 class="step-name"><span class='status skip' title='skip'><i class='material-icons'>redo</i></span>Then user clicks on attachment ok button</h6>
                        OWF_ProblemRecordPageSteps.userClicksOnAttachmentOkButton()
                            <div class="node-step">Step skipped</div>
                    </li>
                    <li test-id='60' class='gc and skip' status='skip'>
                        <h6 class="step-name"><span class='status skip' title='skip'><i class='material-icons'>redo</i></span>And user clicks on save button on attachment window</h6>
                        OWF_ProblemRecordPageSteps.userClicksOnSaveButtonOnAttachmentWindow()
                            <div class="node-step">Step skipped</div>
                    </li>
                    <li test-id='61' class='gc then skip' status='skip'>
                        <h6 class="step-name"><span class='status skip' title='skip'><i class='material-icons'>redo</i></span>Then user clicks on save button</h6>
                        OWF_ChangeRecordPageSteps.userClicksOnSaveButton()
                            <div class="node-step">Step skipped</div>
                    </li>
                    <li test-id='62' class='gc and skip' status='skip'>
                        <h6 class="step-name"><span class='status skip' title='skip'><i class='material-icons'>redo</i></span>And change should also be reflected in the timeline as "Attachment has been added. File Name - attachment.doc"</h6>
                        OWF_ProblemRecordPageSteps.changeShouldAlsoBeReflectedInTheTimelineAs(String)
                            <div class="node-step">Step skipped</div>
                    </li>
                    <li test-id='63' class='gc then skip' status='skip'>
                        <h6 class="step-name"><span class='status skip' title='skip'><i class='material-icons'>redo</i></span>Then user switches to window 0</h6>
                        OWF_ProblemRecordPageSteps.userSwitchesToWindow(int)
                            <div class="node-step">Step skipped</div>
                    </li>
                    <li test-id='64' class='gc and skip' status='skip'>
                        <h6 class="step-name"><span class='status skip' title='skip'><i class='material-icons'>redo</i></span>And user clicks on main page refresh</h6>
                        OWF_TroubleEventPageSteps.userClicksOnMainPageRefresh()
                            <div class="node-step">Step skipped</div>
                    </li>
                    <li test-id='65' class='gc then skip' status='skip'>
                        <h6 class="step-name"><span class='status skip' title='skip'><i class='material-icons'>redo</i></span>Then user should see "Attachment has been added. File Name - attachement.doc.txt" update in plaza ticket</h6>
                        Plaza_HomePageSteps.userShouldSeeUpdateInPlazaTicket(String)
                            <div class="node-step">Step skipped</div>
                    </li>
                    <li test-id='66' class='gc and skip' status='skip'>
                        <h6 class="step-name"><span class='status skip' title='skip'><i class='material-icons'>redo</i></span>And user switches to window 2</h6>
                        OWF_ProblemRecordPageSteps.userSwitchesToWindow(int)
                            <div class="node-step">Step skipped</div>
                    </li>
                    <li test-id='67' class='gc when skip' status='skip'>
                        <h6 class="step-name"><span class='status skip' title='skip'><i class='material-icons'>redo</i></span>When user changes status to "Pending"</h6>
                        OWF_ChangeRecordPageSteps.userChangeStatusTo(String)
                            <div class="node-step">Step skipped</div>
                    </li>
                    <li test-id='68' class='gc and skip' status='skip'>
                        <h6 class="step-name"><span class='status skip' title='skip'><i class='material-icons'>redo</i></span>And user enters on hold to date 2 minutes in the future</h6>
                        OWF_TroubleEventPageSteps.userEntersOnHoldToDateMinutesInTheFuture(int)
                            <div class="node-step">Step skipped</div>
                    </li>
                    <li test-id='69' class='gc and skip' status='skip'>
                        <h6 class="step-name"><span class='status skip' title='skip'><i class='material-icons'>redo</i></span>And user selects on hold reason as "Waiting for Customer Info"</h6>
                        OWF_TroubleEventPageSteps.userEntersOnHoldReasonAs(String)
                            <div class="node-step">Step skipped</div>
                    </li>
                    <li test-id='70' class='gc then skip' status='skip'>
                        <h6 class="step-name"><span class='status skip' title='skip'><i class='material-icons'>redo</i></span>Then user clicks on save button</h6>
                        OWF_ChangeRecordPageSteps.userClicksOnSaveButton()
                            <div class="node-step">Step skipped</div>
                    </li>
                    <li test-id='71' class='gc and skip' status='skip'>
                        <h6 class="step-name"><span class='status skip' title='skip'><i class='material-icons'>redo</i></span>And user validates ticket status as "Pending"</h6>
                        OWF_WorkOrderPageSteps.userValidatesTicketStatusAs(String)
                            <div class="node-step">Step skipped</div>
                    </li>
                    <li test-id='72' class='gc and skip' status='skip'>
                        <h6 class="step-name"><span class='status skip' title='skip'><i class='material-icons'>redo</i></span>And user switches to window 0</h6>
                        OWF_ProblemRecordPageSteps.userSwitchesToWindow(int)
                            <div class="node-step">Step skipped</div>
                    </li>
                    <li test-id='73' class='gc and skip' status='skip'>
                        <h6 class="step-name"><span class='status skip' title='skip'><i class='material-icons'>redo</i></span>And user should see "pending" update in plaza ticket</h6>
                        Plaza_HomePageSteps.userShouldSeeUpdateInPlazaTicket(String)
                            <div class="node-step">Step skipped</div>
                    </li>
                    <li test-id='74' class='gc and skip' status='skip'>
                        <h6 class="step-name"><span class='status skip' title='skip'><i class='material-icons'>redo</i></span>And user switches to window 2</h6>
                        OWF_ProblemRecordPageSteps.userSwitchesToWindow(int)
                            <div class="node-step">Step skipped</div>
                    </li>
                    <li test-id='75' class='gc then skip' status='skip'>
                        <h6 class="step-name"><span class='status skip' title='skip'><i class='material-icons'>redo</i></span>Then user waits for 2 minutes</h6>
                        OWF_ProblemRecordPageSteps.userWaitsForMinutes(int)
                            <div class="node-step">Step skipped</div>
                    </li>
                    <li test-id='76' class='gc and skip' status='skip'>
                        <h6 class="step-name"><span class='status skip' title='skip'><i class='material-icons'>redo</i></span>And user clicks on ticket refresh button</h6>
                        OWF_TroubleEventPageSteps.userClicksOnTicketRefreshButton()
                            <div class="node-step">Step skipped</div>
                    </li>
                    <li test-id='77' class='gc and skip' status='skip'>
                        <h6 class="step-name"><span class='status skip' title='skip'><i class='material-icons'>redo</i></span>And user validates ticket status as "Assigned"</h6>
                        OWF_WorkOrderPageSteps.userValidatesTicketStatusAs(String)
                            <div class="node-step">Step skipped</div>
                    </li>
                    <li test-id='78' class='gc then skip' status='skip'>
                        <h6 class="step-name"><span class='status skip' title='skip'><i class='material-icons'>redo</i></span>Then user selects assignment profile dropdown as "Mobile:Mobile PS:MOB PS Core West"</h6>
                        OWF_TroubleEventPageSteps.userSelectsAssignmentProfileDropdownAs(String)
                            <div class="node-step">Step skipped</div>
                    </li>
                    <li test-id='79' class='gc and skip' status='skip'>
                        <h6 class="step-name"><span class='status skip' title='skip'><i class='material-icons'>redo</i></span>And user enters "Change_Automation_1" in assignee</h6>
                        OWF_ProblemRecordPageSteps.userEntersInAssignee(String)
                            <div class="node-step">Step skipped</div>
                    </li>
                    <li test-id='80' class='gc then skip' status='skip'>
                        <h6 class="step-name"><span class='status skip' title='skip'><i class='material-icons'>redo</i></span>Then user clicks on save button</h6>
                        OWF_ChangeRecordPageSteps.userClicksOnSaveButton()
                            <div class="node-step">Step skipped</div>
                    </li>
                    <li test-id='81' class='gc and skip' status='skip'>
                        <h6 class="step-name"><span class='status skip' title='skip'><i class='material-icons'>redo</i></span>And user "MOB PS Core WEST" is listed as the assigned profile</h6>
                        OWF_ProblemRecordPageSteps.userIsListedAsTheAssignedProfile(String)
                            <div class="node-step">Step skipped</div>
                    </li>
                    <li test-id='82' class='gc and skip' status='skip'>
                        <h6 class="step-name"><span class='status skip' title='skip'><i class='material-icons'>redo</i></span>And user validates assignee is "Change_Automation_1"</h6>
                        OWF_TroubleEventPageSteps.userValidatesAssigneeIs(String)
                            <div class="node-step">Step skipped</div>
                    </li>
                    <li test-id='83' class='gc then skip' status='skip'>
                        <h6 class="step-name"><span class='status skip' title='skip'><i class='material-icons'>redo</i></span>Then user switches to window 1</h6>
                        OWF_ProblemRecordPageSteps.userSwitchesToWindow(int)
                            <div class="node-step">Step skipped</div>
                    </li>
                    <li test-id='84' class='gc and skip' status='skip'>
                        <h6 class="step-name"><span class='status skip' title='skip'><i class='material-icons'>redo</i></span>And user clicks on main page refresh</h6>
                        OWF_TroubleEventPageSteps.userClicksOnMainPageRefresh()
                            <div class="node-step">Step skipped</div>
                    </li>
                    <li test-id='85' class='gc and skip' status='skip'>
                        <h6 class="step-name"><span class='status skip' title='skip'><i class='material-icons'>redo</i></span>And user should see "Assignee update" update in plaza ticket</h6>
                        Plaza_HomePageSteps.userShouldSeeUpdateInPlazaTicket(String)
                            <div class="node-step">Step skipped</div>
                    </li>
                    <li test-id='86' class='gc then skip' status='skip'>
                        <h6 class="step-name"><span class='status skip' title='skip'><i class='material-icons'>redo</i></span>Then user switches to window 2</h6>
                        OWF_ProblemRecordPageSteps.userSwitchesToWindow(int)
                            <div class="node-step">Step skipped</div>
                    </li>
                    <li test-id='87' class='gc when skip' status='skip'>
                        <h6 class="step-name"><span class='status skip' title='skip'><i class='material-icons'>redo</i></span>When user clicks on Ack button</h6>
                        OWF_ProblemRecordPageSteps.userClicksOnAckButton()
                            <div class="node-step">Step skipped</div>
                    </li>
                    <li test-id='88' class='gc then skip' status='skip'>
                        <h6 class="step-name"><span class='status skip' title='skip'><i class='material-icons'>redo</i></span>Then user validates ticket status as "Work In Progress"</h6>
                        OWF_WorkOrderPageSteps.userValidatesTicketStatusAs(String)
                            <div class="node-step">Step skipped</div>
                    </li>
                    <li test-id='89' class='gc then skip' status='skip'>
                        <h6 class="step-name"><span class='status skip' title='skip'><i class='material-icons'>redo</i></span>Then user switches to window 0</h6>
                        OWF_ProblemRecordPageSteps.userSwitchesToWindow(int)
                            <div class="node-step">Step skipped</div>
                    </li>
                    <li test-id='90' class='gc and skip' status='skip'>
                        <h6 class="step-name"><span class='status skip' title='skip'><i class='material-icons'>redo</i></span>And user clicks on main page refresh</h6>
                        OWF_TroubleEventPageSteps.userClicksOnMainPageRefresh()
                            <div class="node-step">Step skipped</div>
                    </li>
                    <li test-id='91' class='gc and skip' status='skip'>
                        <h6 class="step-name"><span class='status skip' title='skip'><i class='material-icons'>redo</i></span>And user should see "work in progress" update in plaza ticket</h6>
                        Plaza_HomePageSteps.userShouldSeeUpdateInPlazaTicket(String)
                            <div class="node-step">Step skipped</div>
                    </li>
                    <li test-id='92' class='gc then skip' status='skip'>
                        <h6 class="step-name"><span class='status skip' title='skip'><i class='material-icons'>redo</i></span>Then user switches to window 2</h6>
                        OWF_ProblemRecordPageSteps.userSwitchesToWindow(int)
                            <div class="node-step">Step skipped</div>
                    </li>
                    <li test-id='93' class='gc when skip' status='skip'>
                        <h6 class="step-name"><span class='status skip' title='skip'><i class='material-icons'>redo</i></span>When user changes status to "Cleared" on trouble event page</h6>
                        OWF_TroubleEventPageSteps.userChangesStatusToOnTroubleEventPage(String)
                            <div class="node-step">Step skipped</div>
                    </li>
                    <li test-id='94' class='gc and skip' status='skip'>
                        <h6 class="step-name"><span class='status skip' title='skip'><i class='material-icons'>redo</i></span>And user selects fault position as "N/A:N/A" on trouble event page</h6>
                        OWF_TroubleEventPageSteps.userSelectsFaultPositionAsOnTroubleEventPage(String)
                            <div class="node-step">Step skipped</div>
                    </li>
                    <li test-id='95' class='gc and skip' status='skip'>
                        <h6 class="step-name"><span class='status skip' title='skip'><i class='material-icons'>redo</i></span>And user selects cause as "N/A:N/A:N/A" on trouble event page</h6>
                        OWF_TroubleEventPageSteps.userSelectsCauseAsOnTroubleEventPage(String)
                            <div class="node-step">Step skipped</div>
                    </li>
                    <li test-id='96' class='gc and skip' status='skip'>
                        <h6 class="step-name"><span class='status skip' title='skip'><i class='material-icons'>redo</i></span>And user selects action dropdown as "N/A:N/A" on trouble event page</h6>
                        OWF_TroubleEventPageSteps.userSelectsActionDropdownAsOnTroubleEventPage(String)
                            <div class="node-step">Step skipped</div>
                    </li>
                    <li test-id='97' class='gc and skip' status='skip'>
                        <h6 class="step-name"><span class='status skip' title='skip'><i class='material-icons'>redo</i></span>And user enters closure info as "Test Ticket"</h6>
                        OWF_TroubleEventPageSteps.userEntersClosureInfoAs(String)
                            <div class="node-step">Step skipped</div>
                    </li>
                    <li test-id='98' class='gc then skip' status='skip'>
                        <h6 class="step-name"><span class='status skip' title='skip'><i class='material-icons'>redo</i></span>Then user enters event end time as current time</h6>
                        OWF_TroubleEventPageSteps.userEntersEventEndTimeAsCurrentTime()
                            <div class="node-step">Step skipped</div>
                    </li>
                    <li test-id='99' class='gc when skip' status='skip'>
                        <h6 class="step-name"><span class='status skip' title='skip'><i class='material-icons'>redo</i></span>When user clicks on Diagnosis tab</h6>
                        OWF_ChangeRecordPageSteps.userClicksOnDiagnosisTab()
                            <div class="node-step">Step skipped</div>
                    </li>
                    <li test-id='100' class='gc and skip' status='skip'>
                        <h6 class="step-name"><span class='status skip' title='skip'><i class='material-icons'>redo</i></span>And user right clicks on primary CI and selects "Impact:Clear All"</h6>
                        OWF_TroubleEventPageSteps.userRightClicksOnPrimaryCIAndSelects(String)
                            <div class="node-step">Step skipped</div>
                    </li>
                    <li test-id='101' class='gc and skip' status='skip'>
                        <h6 class="step-name"><span class='status skip' title='skip'><i class='material-icons'>redo</i></span>And user should see confirmation message for impact clear and clicks ok</h6>
                        OWF_TroubleEventPageSteps.userShouldSeeConfirmationMessageForImpactClearAndClicksOk()
                            <div class="node-step">Step skipped</div>
                    </li>
                    <li test-id='102' class='gc and skip' status='skip'>
                        <h6 class="step-name"><span class='status skip' title='skip'><i class='material-icons'>redo</i></span>And user clicks on save button</h6>
                        OWF_ChangeRecordPageSteps.userClicksOnSaveButton()
                            <div class="node-step">Step skipped</div>
                    </li>
                    <li test-id='103' class='gc then skip' status='skip'>
                        <h6 class="step-name"><span class='status skip' title='skip'><i class='material-icons'>redo</i></span>Then user validates ticket status as "Cleared"</h6>
                        OWF_WorkOrderPageSteps.userValidatesTicketStatusAs(String)
                            <div class="node-step">Step skipped</div>
                    </li>
                    <li test-id='104' class='gc then skip' status='skip'>
                        <h6 class="step-name"><span class='status skip' title='skip'><i class='material-icons'>redo</i></span>Then user switches to window 0</h6>
                        OWF_ProblemRecordPageSteps.userSwitchesToWindow(int)
                            <div class="node-step">Step skipped</div>
                    </li>
                    <li test-id='105' class='gc and skip' status='skip'>
                        <h6 class="step-name"><span class='status skip' title='skip'><i class='material-icons'>redo</i></span>And user clicks on main page refresh</h6>
                        OWF_TroubleEventPageSteps.userClicksOnMainPageRefresh()
                            <div class="node-step">Step skipped</div>
                    </li>
                    <li test-id='106' class='gc and skip' status='skip'>
                        <h6 class="step-name"><span class='status skip' title='skip'><i class='material-icons'>redo</i></span>And user should see "cleared" update in plaza ticket</h6>
                        Plaza_HomePageSteps.userShouldSeeUpdateInPlazaTicket(String)
                            <div class="node-step">Step skipped</div>
                    </li>
                    <li test-id='107' class='gc then skip' status='skip'>
                        <h6 class="step-name"><span class='status skip' title='skip'><i class='material-icons'>redo</i></span>Then user switches to window 2</h6>
                        OWF_ProblemRecordPageSteps.userSwitchesToWindow(int)
                            <div class="node-step">Step skipped</div>
                    </li>
                    <li test-id='108' class='gc when skip' status='skip'>
                        <h6 class="step-name"><span class='status skip' title='skip'><i class='material-icons'>redo</i></span>When user changes status to "Closed" on trouble event page second time</h6>
                        OWF_TroubleEventPageSteps.userChangesStatusToOnTroubleEventPageSecondTime(String)
                            <div class="node-step">Step skipped</div>
                    </li>
                    <li test-id='109' class='gc and skip' status='skip'>
                        <h6 class="step-name"><span class='status skip' title='skip'><i class='material-icons'>redo</i></span>And user clicks on save button</h6>
                        OWF_ChangeRecordPageSteps.userClicksOnSaveButton()
                            <div class="node-step">Step skipped</div>
                    </li>
                    <li test-id='110' class='gc then skip' status='skip'>
                        <h6 class="step-name"><span class='status skip' title='skip'><i class='material-icons'>redo</i></span>Then user validates ticket status as "Closed"</h6>
                        OWF_WorkOrderPageSteps.userValidatesTicketStatusAs(String)
                            <div class="node-step">Step skipped</div>
                    </li>
                    <li test-id='111' class='gc asterisk fail' status='fail'>
                        <h6 class="step-name"><span class='status fail' title='fail'><i class='material-icons'>cancel</i></span>Hooks.Teardown(Scenario)</h6>
                            <textarea disabled class="code-block">cucumber.runtime.CucumberException: java.io.IOException: Failed to create directory C:\Users\mahesh%20vaddegani\Documents\oneworkflow-automation\ExtentReports\Screenshots\Screenshots_20191125_151751
	at extentreports.cucumber.adapter.ExtentCucumberAdapter.createReportFileOutputStream(ExtentCucumberAdapter.java:225)
	at extentreports.cucumber.adapter.ExtentCucumberAdapter.writeBytesToURL(ExtentCucumberAdapter.java:213)
	at extentreports.cucumber.adapter.ExtentCucumberAdapter.handleEmbed(ExtentCucumberAdapter.java:197)
	at extentreports.cucumber.adapter.ExtentCucumberAdapter.access$400(ExtentCucumberAdapter.java:37)
	at extentreports.cucumber.adapter.ExtentCucumberAdapter$6.receive(ExtentCucumberAdapter.java:97)
	at extentreports.cucumber.adapter.ExtentCucumberAdapter$6.receive(ExtentCucumberAdapter.java:94)
	at cucumber.runner.AbstractEventPublisher.send(AbstractEventPublisher.java:45)
	at cucumber.runner.AbstractEventBus.send(AbstractEventBus.java:9)
	at cucumber.runner.TimeServiceEventBus.send(TimeServiceEventBus.java:3)
	at cucumber.runner.ThreadLocalRunnerSupplier$SynchronizedEventBus.send(ThreadLocalRunnerSupplier.java:90)
	at cucumber.runner.ThreadLocalRunnerSupplier$LocalEventBus.send(ThreadLocalRunnerSupplier.java:63)
	at cucumber.runner.Scenario.embed(Scenario.java:58)
	at cucumberHooks.Hooks.Teardown(Hooks.java:19)
	at sun.reflect.NativeMethodAccessorImpl.invoke0(Native Method)
	at sun.reflect.NativeMethodAccessorImpl.invoke(NativeMethodAccessorImpl.java:62)
	at sun.reflect.DelegatingMethodAccessorImpl.invoke(DelegatingMethodAccessorImpl.java:43)
	at java.lang.reflect.Method.invoke(Method.java:498)
	at cucumber.runtime.Utils$1.call(Utils.java:26)
	at cucumber.runtime.Timeout.timeout(Timeout.java:16)
	at cucumber.runtime.Utils.invoke(Utils.java:20)
	at cucumber.runtime.java.JavaHookDefinition.execute(JavaHookDefinition.java:60)
	at cucumber.runner.HookDefinitionMatch.runStep(HookDefinitionMatch.java:16)
	at cucumber.runner.TestStep.executeStep(TestStep.java:63)
	at cucumber.runner.TestStep.run(TestStep.java:49)
	at cucumber.runner.TestCase.run(TestCase.java:48)
	at cucumber.runner.Runner.runPickle(Runner.java:40)
	at cucumber.api.testng.TestNGCucumberRunner.runScenario(TestNGCucumberRunner.java:68)
	at cucumber.api.testng.AbstractTestNGCucumberTests.runScenario(AbstractTestNGCucumberTests.java:22)
	at sun.reflect.NativeMethodAccessorImpl.invoke0(Native Method)
	at sun.reflect.NativeMethodAccessorImpl.invoke(NativeMethodAccessorImpl.java:62)
	at sun.reflect.DelegatingMethodAccessorImpl.invoke(DelegatingMethodAccessorImpl.java:43)
	at java.lang.reflect.Method.invoke(Method.java:498)
	at org.testng.internal.MethodInvocationHelper.invokeMethod(MethodInvocationHelper.java:124)
	at org.testng.internal.Invoker.invokeMethod(Invoker.java:583)
	at org.testng.internal.Invoker.invokeTestMethod(Invoker.java:719)
	at org.testng.internal.Invoker.invokeTestMethods(Invoker.java:989)
	at org.testng.internal.TestMethodWorker.invokeTestMethods(TestMethodWorker.java:125)
	at org.testng.internal.TestMethodWorker.run(TestMethodWorker.java:109)
	at org.testng.TestRunner.privateRun(TestRunner.java:648)
	at org.testng.TestRunner.run(TestRunner.java:505)
	at org.testng.SuiteRunner.runTest(SuiteRunner.java:455)
	at org.testng.SuiteRunner.runSequentially(SuiteRunner.java:450)
	at org.testng.SuiteRunner.privateRun(SuiteRunner.java:415)
	at org.testng.SuiteRunner.run(SuiteRunner.java:364)
	at org.testng.SuiteRunnerWorker.runSuite(SuiteRunnerWorker.java:52)
	at org.testng.SuiteRunnerWorker.run(SuiteRunnerWorker.java:84)
	at org.testng.TestNG.runSuitesSequentially(TestNG.java:1208)
	at org.testng.TestNG.runSuitesLocally(TestNG.java:1137)
	at org.testng.TestNG.runSuites(TestNG.java:1049)
	at org.testng.TestNG.run(TestNG.java:1017)
	at org.testng.IDEARemoteTestNG.run(IDEARemoteTestNG.java:73)
	at org.testng.RemoteTestNGStarter.main(RemoteTestNGStarter.java:123)
Caused by: java.io.IOException: Failed to create directory C:\Users\mahesh%20vaddegani\Documents\oneworkflow-automation\ExtentReports\Screenshots\Screenshots_20191125_151751
	at extentreports.cucumber.adapter.URLOutputStream.ensureParentDirExists(URLOutputStream.java:56)
	at extentreports.cucumber.adapter.URLOutputStream.<init>(URLOutputStream.java:36)
	at extentreports.cucumber.adapter.URLOutputStream.<init>(URLOutputStream.java:26)
	at extentreports.cucumber.adapter.ExtentCucumberAdapter.createReportFileOutputStream(ExtentCucumberAdapter.java:223)
	... 51 more
</textarea>
                                                </li>
            </ul>
        </li>
    </ul>
</div>
					</div>
				</li>
			</ul>
		</div>
	</div>
	<!-- subview left -->
	<div class='subview-right left'>
		<div class='view-summary'>
			<div id='step-filters' class="right sr-filters">
				<a class="btn-floating waves-effect waves-light green" status="pass" alt="pass" title="pass"><i class="material-icons">check_circle</i></a>
				<a class="btn-floating waves-effect waves-light red" status="fail" alt="fail" title="fail"><i class="material-icons">cancel</i></a>
				<a class="btn-floating waves-effect waves-light red darken-4" status="fatal" alt="fatal" title="fatal"><i class="material-icons">cancel</i></a>
				<a class="btn-floating waves-effect waves-light pink text-lighten-1" status="error" alt="error" title="error"><i class="material-icons">error</i></a>
				<a class="btn-floating waves-effect waves-light orange" alt="warning" status="warning" title="warning"><i class="material-icons">warning</i></a>
				<a class="btn-floating waves-effect waves-light teal" status="skip" alt="skip" title="skip"><i class="material-icons">redo</i></a>
				<a class="btn-floating waves-effect waves-light grey" status="clear" alt="Clear filters" title="Clear filters"><i class="material-icons">clear</i></a>
			</div>
			<h5 class='test-name'></h5>
		</div>
	</div>
	<!-- subview right -->
</div>
<!-- test view --><div id='category-view' class='view hide'>
	<section id='controls'>
		<div class='controls grey lighten-4'>
			<!-- search -->
			<div class='chip transparent' alt='Search Tests' title='Search Tests'>
				<a href="#" class='search-div'>
				<i class='material-icons'>search</i> Search
				</a>
				<div class='input-field left hide'>
					<input id='search-tests' type='text' class='validate browser-default' placeholder='Search Tests...'>
				</div>
			</div>
			<!-- search -->
		</div>
	</section>
	<div class='subview-left left'>
		<div class='view-summary'>
			<ul id='category-collection' class='category-collection'>
				<li class='category displayed active'>
					<div class='category-heading'>
						<span class='category-name'>@PLAZA_PDB_E2E_Incident</span>
						<span class='category-status right'>
						<span class='label fail'>2</span>
						</span>
					</div>
					<div class='category-content hide'>
						<div class='category-status-counts'>
							
							<span class='label red lighten-1 white-text'>Failed: 2</span>
							
						</div>
						<div class='category-tests'>
							<table class='bordered table-results'>
								<thead>
									<tr>
										<th>Timestamp</th>
										<th>TestName</th>
										<th>Status</th>
									</tr>
								</thead>
								<tbody>
									<tr>
										<td>Nov 25, 2019 03:17:52 PM</td>
										<td class='linked' test-id='1'>Plaza creation of incident ticket</td>
										<td><span class='test-status fail'>fail</span></td>
									</tr>
									<tr>
										<td>Nov 25, 2019 03:17:52 PM</td>
										<td class='linked' test-id='3'>Plaza creation of incident ticket.user validates plaza incident ticket.user validates plaza incident ticket</td>
										<td><span class='test-status fail'>fail</span></td>
									</tr>
								</tbody>
							</table>
						</div>
					</div>
				</li>
				<li class='category displayed active'>
					<div class='category-heading'>
						<span class='category-name'>@PLAZA_Incident_Flow</span>
						<span class='category-status right'>
						<span class='label fail'>2</span>
						</span>
					</div>
					<div class='category-content hide'>
						<div class='category-status-counts'>
							
							<span class='label red lighten-1 white-text'>Failed: 2</span>
							
						</div>
						<div class='category-tests'>
							<table class='bordered table-results'>
								<thead>
									<tr>
										<th>Timestamp</th>
										<th>TestName</th>
										<th>Status</th>
									</tr>
								</thead>
								<tbody>
									<tr>
										<td>Nov 25, 2019 03:17:52 PM</td>
										<td class='linked' test-id='1'>Plaza creation of incident ticket</td>
										<td><span class='test-status fail'>fail</span></td>
									</tr>
									<tr>
										<td>Nov 25, 2019 03:17:52 PM</td>
										<td class='linked' test-id='3'>Plaza creation of incident ticket.user validates plaza incident ticket.user validates plaza incident ticket</td>
										<td><span class='test-status fail'>fail</span></td>
									</tr>
								</tbody>
							</table>
						</div>
					</div>
				</li>
			</ul>
		</div>
	</div>
	<div class='subview-right left'>
		<div class='view-summary'>
			<h5 class='category-name'></h5>
		</div>
	</div>
</div>
<!-- category view --><div id='exception-view' class='view hide'>
	<section id='controls'>
		<div class='controls grey lighten-4'>
			<!-- search -->
			<div class='chip transparent' alt='Search Tests' title='Search Tests'>
				<a href="#" class='search-div'>
				<i class='material-icons'>search</i> Search
				</a>
				<div class='input-field left hide'>
					<input id='search-tests' type='text' class='validate browser-default' placeholder='Search Tests...'>
				</div>
			</div>
			<!-- search -->
		</div>
	</section>
	<div class='subview-left left'>
		<div class='view-summary'>
			<ul id='exception-collection' class='exception-collection'>
				<li class='exception displayed active'>
					<div class='exception-heading'>
						<span class='exception-name'>org.openqa.selenium.TimeoutException</span>
						<span class='exception-count right'><span class='label red lighten-1 white-text'>1</span></span>
					</div>
					<div class='exception-content hide'>
						<div class='exception-tests'>
							<table class='bordered table-results'>
								<thead>
									<tr>
										<th>Timestamp</th>
										<th>TestName</th>
										<th>Status</th>
									</tr>
								</thead>
								<tbody>
									<tr>
										<td>Nov 25, 2019 03:18:15 PM</td>
										<td class='linked' test-id='8'>Plaza creation of incident ticket.user validates plaza incident ticket.user validates plaza incident ticket.When user clicks on "Security, Ethics & Compliance"</td>
										<td>
											<textarea disabled class="code-block">org.openqa.selenium.TimeoutException: Expected condition failed: waiting for visibility of element located by By.xpath: //*[contains(text(),'Security, Ethics & Compliance')] (tried for 30 second(s) with 500 milliseconds interval)
	at org.openqa.selenium.support.ui.WebDriverWait.timeoutException(WebDriverWait.java:95)
	at org.openqa.selenium.support.ui.FluentWait.until(FluentWait.java:272)
	at pageObjects.BasePage.findElement(BasePage.java:56)
	at pageObjects.BasePage.clickElementByContainsTextAndTagName(BasePage.java:78)
	at steps.plaza_steps.Plaza_HomePageSteps.userClicksOnButton(Plaza_HomePageSteps.java:23)
	at âœ½.user clicks on "Security, Ethics & Compliance"(features/SPRINTS/Sprint 4.4 BR's/PDB_E2E/PLAZA_PDB_E2E_Incident.feature:10)
Caused by: org.openqa.selenium.NoSuchElementException: no such element: Unable to locate element: {"method":"xpath","selector":"//*[contains(text(),'Security, Ethics & Compliance')]"}
  (Session info: chrome=78.0.3904.108)
For documentation on this error, please visit: https://www.seleniumhq.org/exceptions/no_such_element.html
Build info: version: '3.141.59', revision: 'e82be7d358', time: '2018-11-14T08:17:03'
System info: host: 'DESKTOP-P3NRUGT', ip: '10.85.239.239', os.name: 'Windows 10', os.arch: 'amd64', os.version: '10.0', java.version: '1.8.0_211'
Driver info: org.openqa.selenium.chrome.ChromeDriver
Capabilities {acceptInsecureCerts: false, browserName: chrome, browserVersion: 78.0.3904.108, chrome: {chromedriverVersion: 78.0.3904.105 (60e2d8774a81..., userDataDir: C:\Users\MAHESH~1\AppData\L...}, goog:chromeOptions: {debuggerAddress: localhost:64280}, javascriptEnabled: true, networkConnectionEnabled: false, pageLoadStrategy: normal, platform: XP, platformName: XP, proxy: Proxy(), setWindowRect: true, strictFileInteractability: false, timeouts: {implicit: 0, pageLoad: 300000, script: 30000}, unhandledPromptBehavior: dismiss and notify}
Session ID: 294597afa606cebfcb2d5d66ed128b8f
*** Element info: {Using=xpath, value=//*[contains(text(),'Security, Ethics & Compliance')]}
	at sun.reflect.NativeConstructorAccessorImpl.newInstance0(Native Method)
	at sun.reflect.NativeConstructorAccessorImpl.newInstance(NativeConstructorAccessorImpl.java:62)
	at sun.reflect.DelegatingConstructorAccessorImpl.newInstance(DelegatingConstructorAccessorImpl.java:45)
	at java.lang.reflect.Constructor.newInstance(Constructor.java:423)
	at org.openqa.selenium.remote.http.W3CHttpResponseCodec.createException(W3CHttpResponseCodec.java:187)
	at org.openqa.selenium.remote.http.W3CHttpResponseCodec.decode(W3CHttpResponseCodec.java:122)
	at org.openqa.selenium.remote.http.W3CHttpResponseCodec.decode(W3CHttpResponseCodec.java:49)
	at org.openqa.selenium.remote.HttpCommandExecutor.execute(HttpCommandExecutor.java:158)
	at org.openqa.selenium.remote.service.DriverCommandExecutor.execute(DriverCommandExecutor.java:83)
	at org.openqa.selenium.remote.RemoteWebDriver.execute(RemoteWebDriver.java:552)
	at org.openqa.selenium.remote.RemoteWebDriver.findElement(RemoteWebDriver.java:323)
	at org.openqa.selenium.remote.RemoteWebDriver.findElementByXPath(RemoteWebDriver.java:428)
	at org.openqa.selenium.By$ByXPath.findElement(By.java:353)
	at org.openqa.selenium.remote.RemoteWebDriver.findElement(RemoteWebDriver.java:315)
	at org.openqa.selenium.support.ui.ExpectedConditions$7.apply(ExpectedConditions.java:205)
	at org.openqa.selenium.support.ui.ExpectedConditions$7.apply(ExpectedConditions.java:201)
	at org.openqa.selenium.support.ui.FluentWait.until(FluentWait.java:249)
	at pageObjects.BasePage.findElement(BasePage.java:56)
	at pageObjects.BasePage.clickElementByContainsTextAndTagName(BasePage.java:78)
	at steps.plaza_steps.Plaza_HomePageSteps.userClicksOnButton(Plaza_HomePageSteps.java:23)
	at sun.reflect.NativeMethodAccessorImpl.invoke0(Native Method)
	at sun.reflect.NativeMethodAccessorImpl.invoke(NativeMethodAccessorImpl.java:62)
	at sun.reflect.DelegatingMethodAccessorImpl.invoke(DelegatingMethodAccessorImpl.java:43)
	at java.lang.reflect.Method.invoke(Method.java:498)
	at cucumber.runtime.Utils$1.call(Utils.java:26)
	at cucumber.runtime.Timeout.timeout(Timeout.java:16)
	at cucumber.runtime.Utils.invoke(Utils.java:20)
	at cucumber.runtime.java.JavaStepDefinition.execute(JavaStepDefinition.java:49)
	at cucumber.runner.PickleStepDefinitionMatch.runStep(PickleStepDefinitionMatch.java:50)
	at cucumber.runner.TestStep.executeStep(TestStep.java:63)
	at cucumber.runner.TestStep.run(TestStep.java:49)
	at cucumber.runner.PickleStepTestStep.run(PickleStepTestStep.java:43)
	at cucumber.runner.TestCase.run(TestCase.java:44)
	at cucumber.runner.Runner.runPickle(Runner.java:40)
	at cucumber.api.testng.TestNGCucumberRunner.runScenario(TestNGCucumberRunner.java:68)
	at cucumber.api.testng.AbstractTestNGCucumberTests.runScenario(AbstractTestNGCucumberTests.java:22)
	at sun.reflect.NativeMethodAccessorImpl.invoke0(Native Method)
	at sun.reflect.NativeMethodAccessorImpl.invoke(NativeMethodAccessorImpl.java:62)
	at sun.reflect.DelegatingMethodAccessorImpl.invoke(DelegatingMethodAccessorImpl.java:43)
	at java.lang.reflect.Method.invoke(Method.java:498)
	at org.testng.internal.MethodInvocationHelper.invokeMethod(MethodInvocationHelper.java:124)
	at org.testng.internal.Invoker.invokeMethod(Invoker.java:583)
	at org.testng.internal.Invoker.invokeTestMethod(Invoker.java:719)
	at org.testng.internal.Invoker.invokeTestMethods(Invoker.java:989)
	at org.testng.internal.TestMethodWorker.invokeTestMethods(TestMethodWorker.java:125)
	at org.testng.internal.TestMethodWorker.run(TestMethodWorker.java:109)
	at org.testng.TestRunner.privateRun(TestRunner.java:648)
	at org.testng.TestRunner.run(TestRunner.java:505)
	at org.testng.SuiteRunner.runTest(SuiteRunner.java:455)
	at org.testng.SuiteRunner.runSequentially(SuiteRunner.java:450)
	at org.testng.SuiteRunner.privateRun(SuiteRunner.java:415)
	at org.testng.SuiteRunner.run(SuiteRunner.java:364)
	at org.testng.SuiteRunnerWorker.runSuite(SuiteRunnerWorker.java:52)
	at org.testng.SuiteRunnerWorker.run(SuiteRunnerWorker.java:84)
	at org.testng.TestNG.runSuitesSequentially(TestNG.java:1208)
	at org.testng.TestNG.runSuitesLocally(TestNG.java:1137)
	at org.testng.TestNG.runSuites(TestNG.java:1049)
	at org.testng.TestNG.run(TestNG.java:1017)
	at org.testng.IDEARemoteTestNG.run(IDEARemoteTestNG.java:73)
	at org.testng.RemoteTestNGStarter.main(RemoteTestNGStarter.java:123)
</textarea>
										</td>
									</tr>
								</tbody>
							</table>
						</div>
					</div>
				</li>
				<li class='exception displayed active'>
					<div class='exception-heading'>
						<span class='exception-name'>cucumber.runtime.CucumberException</span>
						<span class='exception-count right'><span class='label red lighten-1 white-text'>1</span></span>
					</div>
					<div class='exception-content hide'>
						<div class='exception-tests'>
							<table class='bordered table-results'>
								<thead>
									<tr>
										<th>Timestamp</th>
										<th>TestName</th>
										<th>Status</th>
									</tr>
								</thead>
								<tbody>
									<tr>
										<td>Nov 25, 2019 03:18:45 PM</td>
										<td class='linked' test-id='111'>Plaza creation of incident ticket.user validates plaza incident ticket.user validates plaza incident ticket.Hooks.Teardown(Scenario)</td>
										<td>
											<textarea disabled class="code-block">cucumber.runtime.CucumberException: java.io.IOException: Failed to create directory C:\Users\mahesh%20vaddegani\Documents\oneworkflow-automation\ExtentReports\Screenshots\Screenshots_20191125_151751
	at extentreports.cucumber.adapter.ExtentCucumberAdapter.createReportFileOutputStream(ExtentCucumberAdapter.java:225)
	at extentreports.cucumber.adapter.ExtentCucumberAdapter.writeBytesToURL(ExtentCucumberAdapter.java:213)
	at extentreports.cucumber.adapter.ExtentCucumberAdapter.handleEmbed(ExtentCucumberAdapter.java:197)
	at extentreports.cucumber.adapter.ExtentCucumberAdapter.access$400(ExtentCucumberAdapter.java:37)
	at extentreports.cucumber.adapter.ExtentCucumberAdapter$6.receive(ExtentCucumberAdapter.java:97)
	at extentreports.cucumber.adapter.ExtentCucumberAdapter$6.receive(ExtentCucumberAdapter.java:94)
	at cucumber.runner.AbstractEventPublisher.send(AbstractEventPublisher.java:45)
	at cucumber.runner.AbstractEventBus.send(AbstractEventBus.java:9)
	at cucumber.runner.TimeServiceEventBus.send(TimeServiceEventBus.java:3)
	at cucumber.runner.ThreadLocalRunnerSupplier$SynchronizedEventBus.send(ThreadLocalRunnerSupplier.java:90)
	at cucumber.runner.ThreadLocalRunnerSupplier$LocalEventBus.send(ThreadLocalRunnerSupplier.java:63)
	at cucumber.runner.Scenario.embed(Scenario.java:58)
	at cucumberHooks.Hooks.Teardown(Hooks.java:19)
	at sun.reflect.NativeMethodAccessorImpl.invoke0(Native Method)
	at sun.reflect.NativeMethodAccessorImpl.invoke(NativeMethodAccessorImpl.java:62)
	at sun.reflect.DelegatingMethodAccessorImpl.invoke(DelegatingMethodAccessorImpl.java:43)
	at java.lang.reflect.Method.invoke(Method.java:498)
	at cucumber.runtime.Utils$1.call(Utils.java:26)
	at cucumber.runtime.Timeout.timeout(Timeout.java:16)
	at cucumber.runtime.Utils.invoke(Utils.java:20)
	at cucumber.runtime.java.JavaHookDefinition.execute(JavaHookDefinition.java:60)
	at cucumber.runner.HookDefinitionMatch.runStep(HookDefinitionMatch.java:16)
	at cucumber.runner.TestStep.executeStep(TestStep.java:63)
	at cucumber.runner.TestStep.run(TestStep.java:49)
	at cucumber.runner.TestCase.run(TestCase.java:48)
	at cucumber.runner.Runner.runPickle(Runner.java:40)
	at cucumber.api.testng.TestNGCucumberRunner.runScenario(TestNGCucumberRunner.java:68)
	at cucumber.api.testng.AbstractTestNGCucumberTests.runScenario(AbstractTestNGCucumberTests.java:22)
	at sun.reflect.NativeMethodAccessorImpl.invoke0(Native Method)
	at sun.reflect.NativeMethodAccessorImpl.invoke(NativeMethodAccessorImpl.java:62)
	at sun.reflect.DelegatingMethodAccessorImpl.invoke(DelegatingMethodAccessorImpl.java:43)
	at java.lang.reflect.Method.invoke(Method.java:498)
	at org.testng.internal.MethodInvocationHelper.invokeMethod(MethodInvocationHelper.java:124)
	at org.testng.internal.Invoker.invokeMethod(Invoker.java:583)
	at org.testng.internal.Invoker.invokeTestMethod(Invoker.java:719)
	at org.testng.internal.Invoker.invokeTestMethods(Invoker.java:989)
	at org.testng.internal.TestMethodWorker.invokeTestMethods(TestMethodWorker.java:125)
	at org.testng.internal.TestMethodWorker.run(TestMethodWorker.java:109)
	at org.testng.TestRunner.privateRun(TestRunner.java:648)
	at org.testng.TestRunner.run(TestRunner.java:505)
	at org.testng.SuiteRunner.runTest(SuiteRunner.java:455)
	at org.testng.SuiteRunner.runSequentially(SuiteRunner.java:450)
	at org.testng.SuiteRunner.privateRun(SuiteRunner.java:415)
	at org.testng.SuiteRunner.run(SuiteRunner.java:364)
	at org.testng.SuiteRunnerWorker.runSuite(SuiteRunnerWorker.java:52)
	at org.testng.SuiteRunnerWorker.run(SuiteRunnerWorker.java:84)
	at org.testng.TestNG.runSuitesSequentially(TestNG.java:1208)
	at org.testng.TestNG.runSuitesLocally(TestNG.java:1137)
	at org.testng.TestNG.runSuites(TestNG.java:1049)
	at org.testng.TestNG.run(TestNG.java:1017)
	at org.testng.IDEARemoteTestNG.run(IDEARemoteTestNG.java:73)
	at org.testng.RemoteTestNGStarter.main(RemoteTestNGStarter.java:123)
Caused by: java.io.IOException: Failed to create directory C:\Users\mahesh%20vaddegani\Documents\oneworkflow-automation\ExtentReports\Screenshots\Screenshots_20191125_151751
	at extentreports.cucumber.adapter.URLOutputStream.ensureParentDirExists(URLOutputStream.java:56)
	at extentreports.cucumber.adapter.URLOutputStream.<init>(URLOutputStream.java:36)
	at extentreports.cucumber.adapter.URLOutputStream.<init>(URLOutputStream.java:26)
	at extentreports.cucumber.adapter.ExtentCucumberAdapter.createReportFileOutputStream(ExtentCucumberAdapter.java:223)
	... 51 more
</textarea>
										</td>
									</tr>
								</tbody>
							</table>
						</div>
					</div>
				</li>
			</ul>
		</div>
	</div>
	<div class='subview-right left'>
		<div class='view-summary'>
			<h5 class='exception-name'></h5>
		</div>
	</div>
</div>
<!-- exception view --><div id='dashboard-view' class='view hide'>
	<div class='card-panel transparent np-v'>
		<h5>Dashboard</h5>

		<div class='row'>
			<div class='col s2'>
				<div class='card-panel r'>
					Features
					<div class='panel-lead'>1</div>
				</div>
			</div>
			<div class='col s2'>
				<div class='card-panel r'>
					Scenarios
					<div class='panel-lead'>1</div>
				</div>
			</div>
			<div class='col s2'>
				<div class='card-panel r'>
					Steps
					<div class='panel-lead'>108</div>
				</div>
			</div>
			<div class='col s2'>
				<div class='card-panel r'>
					Start
					<div class='panel-lead'>Nov 25, 2019 03:17:52 PM</div>
				</div>
			</div>
			<div class='col s2'>
				<div class='card-panel r'>
			 		End
			 		<div class='panel-lead'>Nov 25, 2019 03:18:46 PM</div>
				</div>
			</div>
			<div class='col s2'>
				<div class='card-panel r'>
					Time Taken
					<div class='panel-lead'>0h 0m 54s+204ms</div>
				</div>
			</div>
			<div class='col s6'>
				<div class='card-panel dashboard-categories'>
					<span class='right label cyan white-text'>Categories</span><p>&nbsp;</p>
					
					<table>
						<tr>
							<th>Name</th>
							<th>Passed</th>
							<th>Failed</th>
							<th>Others</th>
							<th>Passed %</th>
						</tr>
						<tr>
							<td>@PLAZA_PDB_E2E_Incident</td>
							<td>0</td>
							<td>2</td>
							<td>0</td>
							<td>
									0%
							</td>
						</tr>
						<tr>
							<td>@PLAZA_Incident_Flow</td>
							<td>0</td>
							<td>2</td>
							<td>0</td>
							<td>
									0%
							</td>
						</tr>
					</table>
				</div>
			</div>
		</div>
	</div>
</div>
<!-- dashboard view -->
<!-- testrunner-logs view -->		</div>
		<!-- container -->
		<script>
			var statusGroup = {
                parentCount: 1,
				passParent: 0,
				failParent: 1,
				fatalParent: 0,
				errorParent: 0,
				warningParent: 0,
				skipParent: 0,
				exceptionsParent: 1,
				childCount: 1,
				passChild: 0,
				failChild: 1,
				fatalChild: 0,
				errorChild: 0,
				warningChild: 0,
				skipChild: 0,
				infoChild: 0,
				debugChild: 0,
				exceptionsChild: 1,
				grandChildCount: 108,
				passGrandChild: 4,
				failGrandChild: 2,
				fatalGrandChild: 0,
				errorGrandChild: 0,
				warningGrandChild: 0,
				skipGrandChild: 102,
				infoGrandChild: 0,
				debugGrandChild: 0,
				exceptionsGrandChild: 104,
			};
		</script>
		<script>
			var timeline = {
			        "Plaza creation of incident ticket":53.961
			};
		</script>
		<script src='https://cdn.rawgit.com/extent-framework/extent-github-cdn/c23457b/v3html/js/extent.js' type='text/javascript'></script>
		<script type='text/javascript'>
		</script>
	</body>
</html>